# JRE version: OpenJDK Runtime Environment Temurin-21.0.10+7 (21.0.10+7) (build 21.0.10+7-LTS)
# Java VM: OpenJDK 64-Bit Server VM Temurin-21.0.10+7 (21.0.10+7-LTS, mixed mode, sharing, tiered, compressed oops, compressed class ptrs, parallel gc, windows-amd64)
GC Precious Log:
 CardTable entry size: 512
 CPUs: 12 total, 12 available
 Memory: 15178M
 Large Page Support: Disabled
 NUMA Support: Disabled
 Compressed Oops: Enabled (32-bit)
 Alignments: Space 512K, Generation 512K, Heap 2M
 Heap Min Capacity: 100M
 Heap Initial Capacity: 100M
 Heap Max Capacity: 2G
 Pre-touch: Disabled
 Parallel Workers: 10
Heap:
 PSYoungGen      total 23552K, used 13758K [0x00000000d5580000, 0x00000000d7380000, 0x0000000100000000)
  eden space 22016K, 62% used [0x00000000d5580000,0x00000000d62efa90,0x00000000d6b00000)
  from space 1536K, 0% used [0x00000000d7200000,0x00000000d7200000,0x00000000d7380000)
  to   space 1536K, 0% used [0x00000000d7080000,0x00000000d7080000,0x00000000d7200000)
 ParOldGen       total 68608K, used 18087K [0x0000000080000000, 0x0000000084300000, 0x00000000d5580000)
  object space 68608K, 26% used [0x0000000080000000,0x00000000811a9ec0,0x0000000084300000)
 Metaspace       used 36745K, committed 37696K, reserved 1114112K
  class space    used 3923K, committed 4288K, reserved 1048576K
GC Heap History (20 events):
Event: 21.766 GC heap before
{Heap before GC invocations=7 (full 0):
 PSYoungGen      total 29696K, used 29282K [0x00000000d5580000, 0x00000000d7880000, 0x0000000100000000)
  eden space 24576K, 99% used [0x00000000d5580000,0x00000000d6d74cf0,0x00000000d6d80000)
  from space 5120K, 92% used [0x00000000d7380000,0x00000000d7823ba0,0x00000000d7880000)
  to   space 5120K, 0% used [0x00000000d6e80000,0x00000000d6e80000,0x00000000d7380000)
 ParOldGen       total 68608K, used 7774K [0x0000000080000000, 0x0000000084300000, 0x00000000d5580000)
  object space 68608K, 11% used [0x0000000080000000,0x0000000080797930,0x0000000084300000)
 Metaspace       used 20395K, committed 21184K, reserved 1114112K
  class space    used 2109K, committed 2432K, reserved 1048576K
}
Event: 21.774 GC heap after
{Heap after GC invocations=7 (full 0):
 PSYoungGen      total 29184K, used 5099K [0x00000000d5580000, 0x00000000d7c00000, 0x0000000100000000)
  eden space 24064K, 0% used [0x00000000d5580000,0x00000000d5580000,0x00000000d6d00000)
  from space 5120K, 99% used [0x00000000d6e80000,0x00000000d737ad08,0x00000000d7380000)
  to   space 7680K, 0% used [0x00000000d7480000,0x00000000d7480000,0x00000000d7c00000)
 ParOldGen       total 68608K, used 9576K [0x0000000080000000, 0x0000000084300000, 0x00000000d5580000)
  object space 68608K, 13% used [0x0000000080000000,0x000000008095a150,0x0000000084300000)
 Metaspace       used 20395K, committed 21184K, reserved 1114112K
  class space    used 2109K, committed 2432K, reserved 1048576K
}
Event: 21.862 GC heap before
{Heap before GC invocations=8 (full 0):
 PSYoungGen      total 29184K, used 11061K [0x00000000d5580000, 0x00000000d7c00000, 0x0000000100000000)
  eden space 24064K, 24% used [0x00000000d5580000,0x00000000d5b52a28,0x00000000d6d00000)
  from space 5120K, 99% used [0x00000000d6e80000,0x00000000d737ad08,0x00000000d7380000)
  to   space 7680K, 0% used [0x00000000d7480000,0x00000000d7480000,0x00000000d7c00000)
 ParOldGen       total 68608K, used 9576K [0x0000000080000000, 0x0000000084300000, 0x00000000d5580000)
  object space 68608K, 13% used [0x0000000080000000,0x000000008095a150,0x0000000084300000)
 Metaspace       used 20701K, committed 21504K, reserved 1114112K
  class space    used 2131K, committed 2496K, reserved 1048576K
}
Event: 21.866 GC heap after
{Heap after GC invocations=8 (full 0):
 PSYoungGen      total 27648K, used 3391K [0x00000000d5580000, 0x00000000d7800000, 0x0000000100000000)
  eden space 24064K, 0% used [0x00000000d5580000,0x00000000d5580000,0x00000000d6d00000)
  from space 3584K, 94% used [0x00000000d7480000,0x00000000d77cfc58,0x00000000d7800000)
  to   space 5120K, 0% used [0x00000000d6e00000,0x00000000d6e00000,0x00000000d7300000)
 ParOldGen       total 68608K, used 10452K [0x0000000080000000, 0x0000000084300000, 0x00000000d5580000)
  object space 68608K, 15% used [0x0000000080000000,0x0000000080a352f0,0x0000000084300000)
 Metaspace       used 20701K, committed 21504K, reserved 1114112K
  class space    used 2131K, committed 2496K, reserved 1048576K
}
Event: 21.866 GC heap before
{Heap before GC invocations=9 (full 1):
 PSYoungGen      total 27648K, used 3391K [0x00000000d5580000, 0x00000000d7800000, 0x0000000100000000)
  eden space 24064K, 0% used [0x00000000d5580000,0x00000000d5580000,0x00000000d6d00000)
  from space 3584K, 94% used [0x00000000d7480000,0x00000000d77cfc58,0x00000000d7800000)
  to   space 5120K, 0% used [0x00000000d6e00000,0x00000000d6e00000,0x00000000d7300000)
 ParOldGen       total 68608K, used 10452K [0x0000000080000000, 0x0000000084300000, 0x00000000d5580000)
  object space 68608K, 15% used [0x0000000080000000,0x0000000080a352f0,0x0000000084300000)
 Metaspace       used 20701K, committed 21504K, reserved 1114112K
  class space    used 2131K, committed 2496K, reserved 1048576K
}
Event: 21.920 GC heap after
{Heap after GC invocations=9 (full 1):
 PSYoungGen      total 27648K, used 0K [0x00000000d5580000, 0x00000000d7800000, 0x0000000100000000)
  eden space 24064K, 0% used [0x00000000d5580000,0x00000000d5580000,0x00000000d6d00000)
  from space 3584K, 0% used [0x00000000d7480000,0x00000000d7480000,0x00000000d7800000)
  to   space 5120K, 0% used [0x00000000d6e00000,0x00000000d6e00000,0x00000000d7300000)
 ParOldGen       total 68608K, used 13131K [0x0000000080000000, 0x0000000084300000, 0x00000000d5580000)
  object space 68608K, 19% used [0x0000000080000000,0x0000000080cd2f68,0x0000000084300000)
 Metaspace       used 20688K, committed 21504K, reserved 1114112K
  class space    used 2127K, committed 2496K, reserved 1048576K
}
Event: 22.821 GC heap before
{Heap before GC invocations=10 (full 1):
 PSYoungGen      total 27648K, used 24064K [0x00000000d5580000, 0x00000000d7800000, 0x0000000100000000)
  eden space 24064K, 100% used [0x00000000d5580000,0x00000000d6d00000,0x00000000d6d00000)
  from space 3584K, 0% used [0x00000000d7480000,0x00000000d7480000,0x00000000d7800000)
  to   space 5120K, 0% used [0x00000000d6e00000,0x00000000d6e00000,0x00000000d7300000)
 ParOldGen       total 68608K, used 13131K [0x0000000080000000, 0x0000000084300000, 0x00000000d5580000)
  object space 68608K, 19% used [0x0000000080000000,0x0000000080cd2f68,0x0000000084300000)
 Metaspace       used 24322K, committed 25152K, reserved 1114112K
  class space    used 2466K, committed 2816K, reserved 1048576K
}
Event: 22.824 GC heap after
{Heap after GC invocations=10 (full 1):
 PSYoungGen      total 28672K, used 701K [0x00000000d5580000, 0x00000000d7500000, 0x0000000100000000)
  eden space 23552K, 0% used [0x00000000d5580000,0x00000000d5580000,0x00000000d6c80000)
  from space 5120K, 13% used [0x00000000d6e00000,0x00000000d6eaf588,0x00000000d7300000)
  to   space 2048K, 0% used [0x00000000d7300000,0x00000000d7300000,0x00000000d7500000)
 ParOldGen       total 68608K, used 13139K [0x0000000080000000, 0x0000000084300000, 0x00000000d5580000)
  object space 68608K, 19% used [0x0000000080000000,0x0000000080cd4f68,0x0000000084300000)
 Metaspace       used 24322K, committed 25152K, reserved 1114112K
  class space    used 2466K, committed 2816K, reserved 1048576K
}
Event: 23.556 GC heap before
{Heap before GC invocations=11 (full 1):
 PSYoungGen      total 28672K, used 24253K [0x00000000d5580000, 0x00000000d7500000, 0x0000000100000000)
  eden space 23552K, 100% used [0x00000000d5580000,0x00000000d6c80000,0x00000000d6c80000)
  from space 5120K, 13% used [0x00000000d6e00000,0x00000000d6eaf588,0x00000000d7300000)
  to   space 2048K, 0% used [0x00000000d7300000,0x00000000d7300000,0x00000000d7500000)
 ParOldGen       total 68608K, used 13139K [0x0000000080000000, 0x0000000084300000, 0x00000000d5580000)
  object space 68608K, 19% used [0x0000000080000000,0x0000000080cd4f68,0x0000000084300000)
 Metaspace       used 27119K, committed 27904K, reserved 1114112K
  class space    used 2804K, committed 3136K, reserved 1048576K
}
Event: 23.559 GC heap after
{Heap after GC invocations=11 (full 1):
 PSYoungGen      total 24576K, used 1119K [0x00000000d5580000, 0x00000000d7480000, 0x0000000100000000)
  eden space 23040K, 0% used [0x00000000d5580000,0x00000000d5580000,0x00000000d6c00000)
  from space 1536K, 72% used [0x00000000d7300000,0x00000000d7417d20,0x00000000d7480000)
  to   space 1536K, 0% used [0x00000000d7180000,0x00000000d7180000,0x00000000d7300000)
 ParOldGen       total 68608K, used 13147K [0x0000000080000000, 0x0000000084300000, 0x00000000d5580000)
  object space 68608K, 19% used [0x0000000080000000,0x0000000080cd6f68,0x0000000084300000)
 Metaspace       used 27119K, committed 27904K, reserved 1114112K
  class space    used 2804K, committed 3136K, reserved 1048576K
}
Event: 23.934 GC heap before
{Heap before GC invocations=12 (full 1):
 PSYoungGen      total 24576K, used 24139K [0x00000000d5580000, 0x00000000d7480000, 0x0000000100000000)
  eden space 23040K, 99% used [0x00000000d5580000,0x00000000d6bfb258,0x00000000d6c00000)
  from space 1536K, 72% used [0x00000000d7300000,0x00000000d7417d20,0x00000000d7480000)
  to   space 1536K, 0% used [0x00000000d7180000,0x00000000d7180000,0x00000000d7300000)
 ParOldGen       total 68608K, used 13147K [0x0000000080000000, 0x0000000084300000, 0x00000000d5580000)
  object space 68608K, 19% used [0x0000000080000000,0x0000000080cd6f68,0x0000000084300000)
 Metaspace       used 28016K, committed 28800K, reserved 1114112K
  class space    used 2879K, committed 3200K, reserved 1048576K
}
Event: 23.945 GC heap after
{Heap after GC invocations=12 (full 1):
 PSYoungGen      total 24064K, used 1460K [0x00000000d5580000, 0x00000000d7380000, 0x0000000100000000)
  eden space 22528K, 0% used [0x00000000d5580000,0x00000000d5580000,0x00000000d6b80000)
  from space 1536K, 95% used [0x00000000d7180000,0x00000000d72ed350,0x00000000d7300000)
  to   space 512K, 0% used [0x00000000d7300000,0x00000000d7300000,0x00000000d7380000)
 ParOldGen       total 68608K, used 14627K [0x0000000080000000, 0x0000000084300000, 0x00000000d5580000)
  object space 68608K, 21% used [0x0000000080000000,0x0000000080e48e70,0x0000000084300000)
 Metaspace       used 28016K, committed 28800K, reserved 1114112K
  class space    used 2879K, committed 3200K, reserved 1048576K
}
Event: 24.856 GC heap before
{Heap before GC invocations=13 (full 1):
 PSYoungGen      total 24064K, used 23988K [0x00000000d5580000, 0x00000000d7380000, 0x0000000100000000)
  eden space 22528K, 100% used [0x00000000d5580000,0x00000000d6b80000,0x00000000d6b80000)
  from space 1536K, 95% used [0x00000000d7180000,0x00000000d72ed350,0x00000000d7300000)
  to   space 512K, 0% used [0x00000000d7300000,0x00000000d7300000,0x00000000d7380000)
 ParOldGen       total 68608K, used 14627K [0x0000000080000000, 0x0000000084300000, 0x00000000d5580000)
  object space 68608K, 21% used [0x0000000080000000,0x0000000080e48e70,0x0000000084300000)
 Metaspace       used 29743K, committed 30656K, reserved 1114112K
  class space    used 3065K, committed 3456K, reserved 1048576K
}
Event: 24.859 GC heap after
{Heap after GC invocations=13 (full 1):
 PSYoungGen      total 22528K, used 481K [0x00000000d5580000, 0x00000000d7380000, 0x0000000100000000)
  eden space 22016K, 0% used [0x00000000d5580000,0x00000000d5580000,0x00000000d6b00000)
  from space 512K, 94% used [0x00000000d7300000,0x00000000d73787a0,0x00000000d7380000)
  to   space 2560K, 0% used [0x00000000d6e80000,0x00000000d6e80000,0x00000000d7100000)
 ParOldGen       total 68608K, used 16234K [0x0000000080000000, 0x0000000084300000, 0x00000000d5580000)
  object space 68608K, 23% used [0x0000000080000000,0x0000000080fdabb0,0x0000000084300000)
 Metaspace       used 29743K, committed 30656K, reserved 1114112K
  class space    used 3065K, committed 3456K, reserved 1048576K
}
Event: 26.832 GC heap before
{Heap before GC invocations=14 (full 1):
 PSYoungGen      total 22528K, used 22497K [0x00000000d5580000, 0x00000000d7380000, 0x0000000100000000)
  eden space 22016K, 100% used [0x00000000d5580000,0x00000000d6b00000,0x00000000d6b00000)
  from space 512K, 94% used [0x00000000d7300000,0x00000000d73787a0,0x00000000d7380000)
  to   space 2560K, 0% used [0x00000000d6e80000,0x00000000d6e80000,0x00000000d7100000)
 ParOldGen       total 68608K, used 16234K [0x0000000080000000, 0x0000000084300000, 0x00000000d5580000)
  object space 68608K, 23% used [0x0000000080000000,0x0000000080fdabb0,0x0000000084300000)
 Metaspace       used 31990K, committed 32896K, reserved 1114112K
  class space    used 3354K, committed 3712K, reserved 1048576K
}
Event: 26.834 GC heap after
{Heap after GC invocations=14 (full 1):
 PSYoungGen      total 24576K, used 864K [0x00000000d5580000, 0x00000000d7380000, 0x0000000100000000)
  eden space 22016K, 0% used [0x00000000d5580000,0x00000000d5580000,0x00000000d6b00000)
  from space 2560K, 33% used [0x00000000d6e80000,0x00000000d6f58000,0x00000000d7100000)
  to   space 1536K, 0% used [0x00000000d7200000,0x00000000d7200000,0x00000000d7380000)
 ParOldGen       total 68608K, used 16722K [0x0000000080000000, 0x0000000084300000, 0x00000000d5580000)
  object space 68608K, 24% used [0x0000000080000000,0x0000000081054908,0x0000000084300000)
 Metaspace       used 31990K, committed 32896K, reserved 1114112K
  class space    used 3354K, committed 3712K, reserved 1048576K
}
Event: 27.539 GC heap before
{Heap before GC invocations=15 (full 1):
 PSYoungGen      total 24576K, used 19256K [0x00000000d5580000, 0x00000000d7380000, 0x0000000100000000)
  eden space 22016K, 83% used [0x00000000d5580000,0x00000000d6776270,0x00000000d6b00000)
  from space 2560K, 33% used [0x00000000d6e80000,0x00000000d6f58000,0x00000000d7100000)
  to   space 1536K, 0% used [0x00000000d7200000,0x00000000d7200000,0x00000000d7380000)
 ParOldGen       total 68608K, used 16722K [0x0000000080000000, 0x0000000084300000, 0x00000000d5580000)
  object space 68608K, 24% used [0x0000000080000000,0x0000000081054908,0x0000000084300000)
 Metaspace       used 34923K, committed 35840K, reserved 1114112K
  class space    used 3690K, committed 4032K, reserved 1048576K
}
Event: 27.541 GC heap after
{Heap after GC invocations=15 (full 1):
 PSYoungGen      total 23552K, used 1261K [0x00000000d5580000, 0x00000000d7380000, 0x0000000100000000)
  eden space 22016K, 0% used [0x00000000d5580000,0x00000000d5580000,0x00000000d6b00000)
  from space 1536K, 82% used [0x00000000d7200000,0x00000000d733b460,0x00000000d7380000)
  to   space 1536K, 0% used [0x00000000d7080000,0x00000000d7080000,0x00000000d7200000)
 ParOldGen       total 68608K, used 17418K [0x0000000080000000, 0x0000000084300000, 0x00000000d5580000)
  object space 68608K, 25% used [0x0000000080000000,0x0000000081102908,0x0000000084300000)
 Metaspace       used 34923K, committed 35840K, reserved 1114112K
  class space    used 3690K, committed 4032K, reserved 1048576K
}
Event: 27.541 GC heap before
{Heap before GC invocations=16 (full 2):
 PSYoungGen      total 23552K, used 1261K [0x00000000d5580000, 0x00000000d7380000, 0x0000000100000000)
  eden space 22016K, 0% used [0x00000000d5580000,0x00000000d5580000,0x00000000d6b00000)
  from space 1536K, 82% used [0x00000000d7200000,0x00000000d733b460,0x00000000d7380000)
  to   space 1536K, 0% used [0x00000000d7080000,0x00000000d7080000,0x00000000d7200000)
 ParOldGen       total 68608K, used 17418K [0x0000000080000000, 0x0000000084300000, 0x00000000d5580000)
  object space 68608K, 25% used [0x0000000080000000,0x0000000081102908,0x0000000084300000)
 Metaspace       used 34923K, committed 35840K, reserved 1114112K
  class space    used 3690K, committed 4032K, reserved 1048576K
}
Event: 27.605 GC heap after
{Heap after GC invocations=16 (full 2):
 PSYoungGen      total 23552K, used 0K [0x00000000d5580000, 0x00000000d7380000, 0x0000000100000000)
  eden space 22016K, 0% used [0x00000000d5580000,0x00000000d5580000,0x00000000d6b00000)
  from space 1536K, 0% used [0x00000000d7200000,0x00000000d7200000,0x00000000d7380000)
  to   space 1536K, 0% used [0x00000000d7080000,0x00000000d7080000,0x00000000d7200000)
 ParOldGen       total 68608K, used 18087K [0x0000000080000000, 0x0000000084300000, 0x00000000d5580000)
  object space 68608K, 26% used [0x0000000080000000,0x00000000811a9ec0,0x0000000084300000)
 Metaspace       used 34912K, committed 35840K, reserved 1114112K
  class space    used 3687K, committed 4032K, reserved 1048576K
}

