# JRE version: OpenJDK Runtime Environment Temurin-21.0.10+7 (21.0.10+7) (build 21.0.10+7-LTS)
# Java VM: OpenJDK 64-Bit Server VM Temurin-21.0.10+7 (21.0.10+7-LTS, mixed mode, sharing, tiered, compressed oops, compressed class ptrs, parallel gc, windows-amd64)
GC Precious Log:
 CardTable entry size: 512
 CPUs: 12 total, 12 available
 Memory: 15178M
 Large Page Support: Disabled
 NUMA Support: Disabled
 Compressed Oops: Enabled (32-bit)
 Alignments: Space 512K, Generation 512K, Heap 2M
 Heap Min Capacity: 100M
 Heap Initial Capacity: 100M
 Heap Max Capacity: 2G
 Pre-touch: Disabled
 Parallel Workers: 10
Heap:
 PSYoungGen      total 3584K, used 2089K [0x00000000d5580000, 0x00000000d5a80000, 0x0000000100000000)
  eden space 3072K, 56% used [0x00000000d5580000,0x00000000d57324d0,0x00000000d5880000)
  from space 512K, 68% used [0x00000000d5980000,0x00000000d59d8000,0x00000000d5a00000)
  to   space 512K, 0% used [0x00000000d5a00000,0x00000000d5a00000,0x00000000d5a80000)
 ParOldGen       total 404480K, used 193576K [0x0000000080000000, 0x0000000098b00000, 0x00000000d5580000)
  object space 404480K, 47% used [0x0000000080000000,0x000000008bd0a258,0x0000000098b00000)
 Metaspace       used 67184K, committed 68736K, reserved 1114112K
  class space    used 8370K, committed 9024K, reserved 1048576K
GC Heap History (20 events):
Event: 166.734 GC heap before
{Heap before GC invocations=445 (full 3):
 PSYoungGen      total 3584K, used 3232K [0x00000000d5580000, 0x00000000d5a80000, 0x0000000100000000)
  eden space 3072K, 100% used [0x00000000d5580000,0x00000000d5880000,0x00000000d5880000)
  from space 512K, 31% used [0x00000000d5980000,0x00000000d59a8000,0x00000000d5a00000)
  to   space 512K, 0% used [0x00000000d5a00000,0x00000000d5a00000,0x00000000d5a80000)
 ParOldGen       total 404480K, used 193440K [0x0000000080000000, 0x0000000098b00000, 0x00000000d5580000)
  object space 404480K, 47% used [0x0000000080000000,0x000000008bce8258,0x0000000098b00000)
 Metaspace       used 67111K, committed 68608K, reserved 1114112K
  class space    used 8358K, committed 8960K, reserved 1048576K
}
Event: 166.738 GC heap after
{Heap after GC invocations=445 (full 3):
 PSYoungGen      total 3584K, used 192K [0x00000000d5580000, 0x00000000d5a80000, 0x0000000100000000)
  eden space 3072K, 0% used [0x00000000d5580000,0x00000000d5580000,0x00000000d5880000)
  from space 512K, 37% used [0x00000000d5a00000,0x00000000d5a30000,0x00000000d5a80000)
  to   space 512K, 0% used [0x00000000d5980000,0x00000000d5980000,0x00000000d5a00000)
 ParOldGen       total 404480K, used 193448K [0x0000000080000000, 0x0000000098b00000, 0x00000000d5580000)
  object space 404480K, 47% used [0x0000000080000000,0x000000008bcea258,0x0000000098b00000)
 Metaspace       used 67111K, committed 68608K, reserved 1114112K
  class space    used 8358K, committed 8960K, reserved 1048576K
}
Event: 167.026 GC heap before
{Heap before GC invocations=446 (full 3):
 PSYoungGen      total 3584K, used 3264K [0x00000000d5580000, 0x00000000d5a80000, 0x0000000100000000)
  eden space 3072K, 100% used [0x00000000d5580000,0x00000000d5880000,0x00000000d5880000)
  from space 512K, 37% used [0x00000000d5a00000,0x00000000d5a30000,0x00000000d5a80000)
  to   space 512K, 0% used [0x00000000d5980000,0x00000000d5980000,0x00000000d5a00000)
 ParOldGen       total 404480K, used 193448K [0x0000000080000000, 0x0000000098b00000, 0x00000000d5580000)
  object space 404480K, 47% used [0x0000000080000000,0x000000008bcea258,0x0000000098b00000)
 Metaspace       used 67111K, committed 68608K, reserved 1114112K
  class space    used 8358K, committed 8960K, reserved 1048576K
}
Event: 167.028 GC heap after
{Heap after GC invocations=446 (full 3):
 PSYoungGen      total 3584K, used 192K [0x00000000d5580000, 0x00000000d5a80000, 0x0000000100000000)
  eden space 3072K, 0% used [0x00000000d5580000,0x00000000d5580000,0x00000000d5880000)
  from space 512K, 37% used [0x00000000d5980000,0x00000000d59b0000,0x00000000d5a00000)
  to   space 512K, 0% used [0x00000000d5a00000,0x00000000d5a00000,0x00000000d5a80000)
 ParOldGen       total 404480K, used 193472K [0x0000000080000000, 0x0000000098b00000, 0x00000000d5580000)
  object space 404480K, 47% used [0x0000000080000000,0x000000008bcf0258,0x0000000098b00000)
 Metaspace       used 67111K, committed 68608K, reserved 1114112K
  class space    used 8358K, committed 8960K, reserved 1048576K
}
Event: 167.261 GC heap before
{Heap before GC invocations=447 (full 3):
 PSYoungGen      total 3584K, used 3264K [0x00000000d5580000, 0x00000000d5a80000, 0x0000000100000000)
  eden space 3072K, 100% used [0x00000000d5580000,0x00000000d5880000,0x00000000d5880000)
  from space 512K, 37% used [0x00000000d5980000,0x00000000d59b0000,0x00000000d5a00000)
  to   space 512K, 0% used [0x00000000d5a00000,0x00000000d5a00000,0x00000000d5a80000)
 ParOldGen       total 404480K, used 193472K [0x0000000080000000, 0x0000000098b00000, 0x00000000d5580000)
  object space 404480K, 47% used [0x0000000080000000,0x000000008bcf0258,0x0000000098b00000)
 Metaspace       used 67111K, committed 68608K, reserved 1114112K
  class space    used 8358K, committed 8960K, reserved 1048576K
}
Event: 167.263 GC heap after
{Heap after GC invocations=447 (full 3):
 PSYoungGen      total 3584K, used 192K [0x00000000d5580000, 0x00000000d5a80000, 0x0000000100000000)
  eden space 3072K, 0% used [0x00000000d5580000,0x00000000d5580000,0x00000000d5880000)
  from space 512K, 37% used [0x00000000d5a00000,0x00000000d5a30000,0x00000000d5a80000)
  to   space 512K, 0% used [0x00000000d5980000,0x00000000d5980000,0x00000000d5a00000)
 ParOldGen       total 404480K, used 193496K [0x0000000080000000, 0x0000000098b00000, 0x00000000d5580000)
  object space 404480K, 47% used [0x0000000080000000,0x000000008bcf6258,0x0000000098b00000)
 Metaspace       used 67111K, committed 68608K, reserved 1114112K
  class space    used 8358K, committed 8960K, reserved 1048576K
}
Event: 167.459 GC heap before
{Heap before GC invocations=448 (full 3):
 PSYoungGen      total 3584K, used 3264K [0x00000000d5580000, 0x00000000d5a80000, 0x0000000100000000)
  eden space 3072K, 100% used [0x00000000d5580000,0x00000000d5880000,0x00000000d5880000)
  from space 512K, 37% used [0x00000000d5a00000,0x00000000d5a30000,0x00000000d5a80000)
  to   space 512K, 0% used [0x00000000d5980000,0x00000000d5980000,0x00000000d5a00000)
 ParOldGen       total 404480K, used 193496K [0x0000000080000000, 0x0000000098b00000, 0x00000000d5580000)
  object space 404480K, 47% used [0x0000000080000000,0x000000008bcf6258,0x0000000098b00000)
 Metaspace       used 67111K, committed 68608K, reserved 1114112K
  class space    used 8358K, committed 8960K, reserved 1048576K
}
Event: 167.460 GC heap after
{Heap after GC invocations=448 (full 3):
 PSYoungGen      total 3584K, used 224K [0x00000000d5580000, 0x00000000d5a80000, 0x0000000100000000)
  eden space 3072K, 0% used [0x00000000d5580000,0x00000000d5580000,0x00000000d5880000)
  from space 512K, 43% used [0x00000000d5980000,0x00000000d59b8000,0x00000000d5a00000)
  to   space 512K, 0% used [0x00000000d5a00000,0x00000000d5a00000,0x00000000d5a80000)
 ParOldGen       total 404480K, used 193496K [0x0000000080000000, 0x0000000098b00000, 0x00000000d5580000)
  object space 404480K, 47% used [0x0000000080000000,0x000000008bcf6258,0x0000000098b00000)
 Metaspace       used 67111K, committed 68608K, reserved 1114112K
  class space    used 8358K, committed 8960K, reserved 1048576K
}
Event: 167.725 GC heap before
{Heap before GC invocations=449 (full 3):
 PSYoungGen      total 3584K, used 3296K [0x00000000d5580000, 0x00000000d5a80000, 0x0000000100000000)
  eden space 3072K, 100% used [0x00000000d5580000,0x00000000d5880000,0x00000000d5880000)
  from space 512K, 43% used [0x00000000d5980000,0x00000000d59b8000,0x00000000d5a00000)
  to   space 512K, 0% used [0x00000000d5a00000,0x00000000d5a00000,0x00000000d5a80000)
 ParOldGen       total 404480K, used 193496K [0x0000000080000000, 0x0000000098b00000, 0x00000000d5580000)
  object space 404480K, 47% used [0x0000000080000000,0x000000008bcf6258,0x0000000098b00000)
 Metaspace       used 67111K, committed 68608K, reserved 1114112K
  class space    used 8358K, committed 8960K, reserved 1048576K
}
Event: 167.726 GC heap after
{Heap after GC invocations=449 (full 3):
 PSYoungGen      total 3584K, used 160K [0x00000000d5580000, 0x00000000d5a80000, 0x0000000100000000)
  eden space 3072K, 0% used [0x00000000d5580000,0x00000000d5580000,0x00000000d5880000)
  from space 512K, 31% used [0x00000000d5a00000,0x00000000d5a28000,0x00000000d5a80000)
  to   space 512K, 0% used [0x00000000d5980000,0x00000000d5980000,0x00000000d5a00000)
 ParOldGen       total 404480K, used 193520K [0x0000000080000000, 0x0000000098b00000, 0x00000000d5580000)
  object space 404480K, 47% used [0x0000000080000000,0x000000008bcfc258,0x0000000098b00000)
 Metaspace       used 67111K, committed 68608K, reserved 1114112K
  class space    used 8358K, committed 8960K, reserved 1048576K
}
Event: 167.984 GC heap before
{Heap before GC invocations=450 (full 3):
 PSYoungGen      total 3584K, used 3232K [0x00000000d5580000, 0x00000000d5a80000, 0x0000000100000000)
  eden space 3072K, 100% used [0x00000000d5580000,0x00000000d5880000,0x00000000d5880000)
  from space 512K, 31% used [0x00000000d5a00000,0x00000000d5a28000,0x00000000d5a80000)
  to   space 512K, 0% used [0x00000000d5980000,0x00000000d5980000,0x00000000d5a00000)
 ParOldGen       total 404480K, used 193520K [0x0000000080000000, 0x0000000098b00000, 0x00000000d5580000)
  object space 404480K, 47% used [0x0000000080000000,0x000000008bcfc258,0x0000000098b00000)
 Metaspace       used 67111K, committed 68608K, reserved 1114112K
  class space    used 8358K, committed 8960K, reserved 1048576K
}
Event: 167.985 GC heap after
{Heap after GC invocations=450 (full 3):
 PSYoungGen      total 3584K, used 128K [0x00000000d5580000, 0x00000000d5a80000, 0x0000000100000000)
  eden space 3072K, 0% used [0x00000000d5580000,0x00000000d5580000,0x00000000d5880000)
  from space 512K, 25% used [0x00000000d5980000,0x00000000d59a0000,0x00000000d5a00000)
  to   space 512K, 0% used [0x00000000d5a00000,0x00000000d5a00000,0x00000000d5a80000)
 ParOldGen       total 404480K, used 193528K [0x0000000080000000, 0x0000000098b00000, 0x00000000d5580000)
  object space 404480K, 47% used [0x0000000080000000,0x000000008bcfe258,0x0000000098b00000)
 Metaspace       used 67111K, committed 68608K, reserved 1114112K
  class space    used 8358K, committed 8960K, reserved 1048576K
}
Event: 168.270 GC heap before
{Heap before GC invocations=451 (full 3):
 PSYoungGen      total 3584K, used 3200K [0x00000000d5580000, 0x00000000d5a80000, 0x0000000100000000)
  eden space 3072K, 100% used [0x00000000d5580000,0x00000000d5880000,0x00000000d5880000)
  from space 512K, 25% used [0x00000000d5980000,0x00000000d59a0000,0x00000000d5a00000)
  to   space 512K, 0% used [0x00000000d5a00000,0x00000000d5a00000,0x00000000d5a80000)
 ParOldGen       total 404480K, used 193528K [0x0000000080000000, 0x0000000098b00000, 0x00000000d5580000)
  object space 404480K, 47% used [0x0000000080000000,0x000000008bcfe258,0x0000000098b00000)
 Metaspace       used 67111K, committed 68608K, reserved 1114112K
  class space    used 8358K, committed 8960K, reserved 1048576K
}
Event: 168.272 GC heap after
{Heap after GC invocations=451 (full 3):
 PSYoungGen      total 3584K, used 192K [0x00000000d5580000, 0x00000000d5a80000, 0x0000000100000000)
  eden space 3072K, 0% used [0x00000000d5580000,0x00000000d5580000,0x00000000d5880000)
  from space 512K, 37% used [0x00000000d5a00000,0x00000000d5a30000,0x00000000d5a80000)
  to   space 512K, 0% used [0x00000000d5980000,0x00000000d5980000,0x00000000d5a00000)
 ParOldGen       total 404480K, used 193544K [0x0000000080000000, 0x0000000098b00000, 0x00000000d5580000)
  object space 404480K, 47% used [0x0000000080000000,0x000000008bd02258,0x0000000098b00000)
 Metaspace       used 67111K, committed 68608K, reserved 1114112K
  class space    used 8358K, committed 8960K, reserved 1048576K
}
Event: 168.548 GC heap before
{Heap before GC invocations=452 (full 3):
 PSYoungGen      total 3584K, used 3264K [0x00000000d5580000, 0x00000000d5a80000, 0x0000000100000000)
  eden space 3072K, 100% used [0x00000000d5580000,0x00000000d5880000,0x00000000d5880000)
  from space 512K, 37% used [0x00000000d5a00000,0x00000000d5a30000,0x00000000d5a80000)
  to   space 512K, 0% used [0x00000000d5980000,0x00000000d5980000,0x00000000d5a00000)
 ParOldGen       total 404480K, used 193544K [0x0000000080000000, 0x0000000098b00000, 0x00000000d5580000)
  object space 404480K, 47% used [0x0000000080000000,0x000000008bd02258,0x0000000098b00000)
 Metaspace       used 67111K, committed 68608K, reserved 1114112K
  class space    used 8358K, committed 8960K, reserved 1048576K
}
Event: 168.550 GC heap after
{Heap after GC invocations=452 (full 3):
 PSYoungGen      total 3584K, used 160K [0x00000000d5580000, 0x00000000d5a80000, 0x0000000100000000)
  eden space 3072K, 0% used [0x00000000d5580000,0x00000000d5580000,0x00000000d5880000)
  from space 512K, 31% used [0x00000000d5980000,0x00000000d59a8000,0x00000000d5a00000)
  to   space 512K, 0% used [0x00000000d5a00000,0x00000000d5a00000,0x00000000d5a80000)
 ParOldGen       total 404480K, used 193552K [0x0000000080000000, 0x0000000098b00000, 0x00000000d5580000)
  object space 404480K, 47% used [0x0000000080000000,0x000000008bd04258,0x0000000098b00000)
 Metaspace       used 67111K, committed 68608K, reserved 1114112K
  class space    used 8358K, committed 8960K, reserved 1048576K
}
Event: 168.759 GC heap before
{Heap before GC invocations=453 (full 3):
 PSYoungGen      total 3584K, used 3232K [0x00000000d5580000, 0x00000000d5a80000, 0x0000000100000000)
  eden space 3072K, 100% used [0x00000000d5580000,0x00000000d5880000,0x00000000d5880000)
  from space 512K, 31% used [0x00000000d5980000,0x00000000d59a8000,0x00000000d5a00000)
  to   space 512K, 0% used [0x00000000d5a00000,0x00000000d5a00000,0x00000000d5a80000)
 ParOldGen       total 404480K, used 193552K [0x0000000080000000, 0x0000000098b00000, 0x00000000d5580000)
  object space 404480K, 47% used [0x0000000080000000,0x000000008bd04258,0x0000000098b00000)
 Metaspace       used 67111K, committed 68608K, reserved 1114112K
  class space    used 8358K, committed 8960K, reserved 1048576K
}
Event: 168.760 GC heap after
{Heap after GC invocations=453 (full 3):
 PSYoungGen      total 3584K, used 224K [0x00000000d5580000, 0x00000000d5a80000, 0x0000000100000000)
  eden space 3072K, 0% used [0x00000000d5580000,0x00000000d5580000,0x00000000d5880000)
  from space 512K, 43% used [0x00000000d5a00000,0x00000000d5a38000,0x00000000d5a80000)
  to   space 512K, 0% used [0x00000000d5980000,0x00000000d5980000,0x00000000d5a00000)
 ParOldGen       total 404480K, used 193568K [0x0000000080000000, 0x0000000098b00000, 0x00000000d5580000)
  object space 404480K, 47% used [0x0000000080000000,0x000000008bd08258,0x0000000098b00000)
 Metaspace       used 67111K, committed 68608K, reserved 1114112K
  class space    used 8358K, committed 8960K, reserved 1048576K
}
Event: 171.865 GC heap before
{Heap before GC invocations=454 (full 3):
 PSYoungGen      total 3584K, used 3278K [0x00000000d5580000, 0x00000000d5a80000, 0x0000000100000000)
  eden space 3072K, 99% used [0x00000000d5580000,0x00000000d587ba58,0x00000000d5880000)
  from space 512K, 43% used [0x00000000d5a00000,0x00000000d5a38000,0x00000000d5a80000)
  to   space 512K, 0% used [0x00000000d5980000,0x00000000d5980000,0x00000000d5a00000)
 ParOldGen       total 404480K, used 193568K [0x0000000080000000, 0x0000000098b00000, 0x00000000d5580000)
  object space 404480K, 47% used [0x0000000080000000,0x000000008bd08258,0x0000000098b00000)
 Metaspace       used 67178K, committed 68736K, reserved 1114112K
  class space    used 8369K, committed 9024K, reserved 1048576K
}
Event: 171.867 GC heap after
{Heap after GC invocations=454 (full 3):
 PSYoungGen      total 3584K, used 352K [0x00000000d5580000, 0x00000000d5a80000, 0x0000000100000000)
  eden space 3072K, 0% used [0x00000000d5580000,0x00000000d5580000,0x00000000d5880000)
  from space 512K, 68% used [0x00000000d5980000,0x00000000d59d8000,0x00000000d5a00000)
  to   space 512K, 0% used [0x00000000d5a00000,0x00000000d5a00000,0x00000000d5a80000)
 ParOldGen       total 404480K, used 193576K [0x0000000080000000, 0x0000000098b00000, 0x00000000d5580000)
  object space 404480K, 47% used [0x0000000080000000,0x000000008bd0a258,0x0000000098b00000)
 Metaspace       used 67178K, committed 68736K, reserved 1114112K
  class space    used 8369K, committed 9024K, reserved 1048576K
}

