# JRE version: Java(TM) SE Runtime Environment (16.0.2+7) (build 16.0.2+7-67)
# Java VM: Java HotSpot(TM) 64-Bit Server VM (16.0.2+7-67, mixed mode, sharing, tiered, compressed oops, compressed class ptrs, g1 gc, windows-amd64)
GC Precious Log:
 CPUs: 12 total, 12 available
 Memory: 15178M
 Large Page Support: Disabled
 NUMA Support: Disabled
 Compressed Oops: Enabled (32-bit)
 Heap Region Size: 1M
 Heap Min Capacity: 8M
 Heap Initial Capacity: 238M
 Heap Max Capacity: 1536M
 Pre-touch: Disabled
 Parallel Workers: 10
 Concurrent Workers: 3
 Concurrent Refinement Workers: 10
 Periodic GC: Disabled
Heap:
 garbage-first heap   total 142336K, used 82875K [0x00000000a0000000, 0x0000000100000000)
  region size 1024K, 5 young (5120K), 3 survivors (3072K)
 Metaspace       used 62492K, committed 63104K, reserved 1105920K
  class space    used 8354K, committed 8640K, reserved 1048576K
GC Heap History (20 events):
Event: 41.207 GC heap before
{Heap before GC invocations=32 (full 0):
 garbage-first heap   total 107520K, used 89678K [0x00000000a0000000, 0x0000000100000000)
  region size 1024K, 32 young (32768K), 3 survivors (3072K)
 Metaspace       used 57372K, committed 57984K, reserved 1105920K
  class space    used 7725K, committed 8000K, reserved 1048576K
}
Event: 41.213 GC heap after
{Heap after GC invocations=33 (full 0):
 garbage-first heap   total 107520K, used 61880K [0x00000000a0000000, 0x0000000100000000)
  region size 1024K, 4 young (4096K), 4 survivors (4096K)
 Metaspace       used 57372K, committed 57984K, reserved 1105920K
  class space    used 7725K, committed 8000K, reserved 1048576K
}
Event: 43.373 GC heap before
{Heap before GC invocations=34 (full 0):
 garbage-first heap   total 107520K, used 88504K [0x00000000a0000000, 0x0000000100000000)
  region size 1024K, 31 young (31744K), 4 survivors (4096K)
 Metaspace       used 58531K, committed 59072K, reserved 1105920K
  class space    used 7881K, committed 8128K, reserved 1048576K
}
Event: 43.383 GC heap after
{Heap after GC invocations=35 (full 0):
 garbage-first heap   total 107520K, used 64308K [0x00000000a0000000, 0x0000000100000000)
  region size 1024K, 3 young (3072K), 3 survivors (3072K)
 Metaspace       used 58531K, committed 59072K, reserved 1105920K
  class space    used 7881K, committed 8128K, reserved 1048576K
}
Event: 44.531 GC heap before
{Heap before GC invocations=35 (full 0):
 garbage-first heap   total 107520K, used 87860K [0x00000000a0000000, 0x0000000100000000)
  region size 1024K, 27 young (27648K), 3 survivors (3072K)
 Metaspace       used 58938K, committed 59520K, reserved 1105920K
  class space    used 7905K, committed 8192K, reserved 1048576K
}
Event: 44.537 GC heap after
{Heap after GC invocations=36 (full 0):
 garbage-first heap   total 107520K, used 65000K [0x00000000a0000000, 0x0000000100000000)
  region size 1024K, 2 young (2048K), 2 survivors (2048K)
 Metaspace       used 58938K, committed 59520K, reserved 1105920K
  class space    used 7905K, committed 8192K, reserved 1048576K
}
Event: 45.534 GC heap before
{Heap before GC invocations=37 (full 0):
 garbage-first heap   total 114688K, used 88552K [0x00000000a0000000, 0x0000000100000000)
  region size 1024K, 26 young (26624K), 2 survivors (2048K)
 Metaspace       used 59077K, committed 59712K, reserved 1105920K
  class space    used 7905K, committed 8192K, reserved 1048576K
}
Event: 45.538 GC heap after
{Heap after GC invocations=38 (full 0):
 garbage-first heap   total 114688K, used 65585K [0x00000000a0000000, 0x0000000100000000)
  region size 1024K, 2 young (2048K), 2 survivors (2048K)
 Metaspace       used 59077K, committed 59712K, reserved 1105920K
  class space    used 7905K, committed 8192K, reserved 1048576K
}
Event: 46.397 GC heap before
{Heap before GC invocations=38 (full 0):
 garbage-first heap   total 114688K, used 94257K [0x00000000a0000000, 0x0000000100000000)
  region size 1024K, 31 young (31744K), 2 survivors (2048K)
 Metaspace       used 59103K, committed 59712K, reserved 1105920K
  class space    used 7905K, committed 8192K, reserved 1048576K
}
Event: 46.401 GC heap after
{Heap after GC invocations=39 (full 0):
 garbage-first heap   total 114688K, used 66381K [0x00000000a0000000, 0x0000000100000000)
  region size 1024K, 3 young (3072K), 3 survivors (3072K)
 Metaspace       used 59103K, committed 59712K, reserved 1105920K
  class space    used 7905K, committed 8192K, reserved 1048576K
}
Event: 47.407 GC heap before
{Heap before GC invocations=40 (full 0):
 garbage-first heap   total 116736K, used 93005K [0x00000000a0000000, 0x0000000100000000)
  region size 1024K, 30 young (30720K), 3 survivors (3072K)
 Metaspace       used 59220K, committed 59840K, reserved 1105920K
  class space    used 7923K, committed 8192K, reserved 1048576K
}
Event: 47.412 GC heap after
{Heap after GC invocations=41 (full 0):
 garbage-first heap   total 116736K, used 67487K [0x00000000a0000000, 0x0000000100000000)
  region size 1024K, 3 young (3072K), 3 survivors (3072K)
 Metaspace       used 59220K, committed 59840K, reserved 1105920K
  class space    used 7923K, committed 8192K, reserved 1048576K
}
Event: 47.726 GC heap before
{Heap before GC invocations=42 (full 0):
 garbage-first heap   total 122880K, used 74655K [0x00000000a0000000, 0x0000000100000000)
  region size 1024K, 9 young (9216K), 3 survivors (3072K)
 Metaspace       used 59229K, committed 59840K, reserved 1105920K
  class space    used 7923K, committed 8192K, reserved 1048576K
}
Event: 47.732 GC heap after
{Heap after GC invocations=43 (full 0):
 garbage-first heap   total 122880K, used 73833K [0x00000000a0000000, 0x0000000100000000)
  region size 1024K, 5 young (5120K), 5 survivors (5120K)
 Metaspace       used 59229K, committed 59840K, reserved 1105920K
  class space    used 7923K, committed 8192K, reserved 1048576K
}
Event: 48.361 GC heap before
{Heap before GC invocations=44 (full 0):
 garbage-first heap   total 142336K, used 92265K [0x00000000a0000000, 0x0000000100000000)
  region size 1024K, 22 young (22528K), 5 survivors (5120K)
 Metaspace       used 59755K, committed 60352K, reserved 1105920K
  class space    used 8007K, committed 8256K, reserved 1048576K
}
Event: 48.366 GC heap after
{Heap after GC invocations=45 (full 0):
 garbage-first heap   total 142336K, used 77377K [0x00000000a0000000, 0x0000000100000000)
  region size 1024K, 3 young (3072K), 3 survivors (3072K)
 Metaspace       used 59755K, committed 60352K, reserved 1105920K
  class space    used 8007K, committed 8256K, reserved 1048576K
}
Event: 48.668 GC heap before
{Heap before GC invocations=45 (full 0):
 garbage-first heap   total 142336K, used 79425K [0x00000000a0000000, 0x0000000100000000)
  region size 1024K, 6 young (6144K), 3 survivors (3072K)
 Metaspace       used 59939K, committed 60544K, reserved 1105920K
  class space    used 8032K, committed 8320K, reserved 1048576K
}
Event: 48.672 GC heap after
{Heap after GC invocations=46 (full 0):
 garbage-first heap   total 142336K, used 77690K [0x00000000a0000000, 0x0000000100000000)
  region size 1024K, 1 young (1024K), 1 survivors (1024K)
 Metaspace       used 59939K, committed 60544K, reserved 1105920K
  class space    used 8032K, committed 8320K, reserved 1048576K
}
Event: 48.999 GC heap before
{Heap before GC invocations=47 (full 0):
 garbage-first heap   total 142336K, used 87930K [0x00000000a0000000, 0x0000000100000000)
  region size 1024K, 12 young (12288K), 1 survivors (1024K)
 Metaspace       used 60634K, committed 61248K, reserved 1105920K
  class space    used 8097K, committed 8384K, reserved 1048576K
}
Event: 49.003 GC heap after
{Heap after GC invocations=48 (full 0):
 garbage-first heap   total 142336K, used 79493K [0x00000000a0000000, 0x0000000100000000)
  region size 1024K, 2 young (2048K), 2 survivors (2048K)
 Metaspace       used 60634K, committed 61248K, reserved 1105920K
  class space    used 8097K, committed 8384K, reserved 1048576K
}

